<?xml version="1.0" encoding="UTF-8"?>
<!-- Generated by org.testng.reporters.JUnitXMLReporter -->
<testsuite hostname="PC-9" failures="0" tests="9" name="Surefire test" time="1152.033" errors="0" timestamp="9 Jan 2024 12:59:25 GMT">
  <testcase classname="tests.parts.Spotorderparts" name="Test_001_gotoOrderPartsScreen" time="26.657"/>
  <testcase classname="tests.parts.Spotorderparts" name="Test_002_clickOnSpotOrder" time="81.957"/>
  <testcase classname="tests.parts.Spotorderparts" name="Test_003_inputPartialPartNumber" time="64.796"/>
  <testcase classname="tests.parts.Spotorderparts" name="Test_004_clickOnAddButton" time="73.788"/>
  <testcase classname="tests.parts.Spotorderparts" name="Test_005_verifySearchPartDescription" time="171.681"/>
  <testcase classname="tests.parts.Spotorderparts" name="Test_006_inputCoreParentPart" time="150.335"/>
  <testcase classname="tests.parts.Spotorderparts" name="Test_007_verifyPO" time="188.022"/>
  <testcase classname="tests.parts.Spotorderparts" name="Test_008_verifyRequiredPart" time="192.219"/>
  <testcase classname="tests.parts.Spotorderparts" name="Test_009_verifyWarehouseText" time="182.618"/>
</testsuite> <!-- Surefire test -->
