<?xml version="1.0" encoding="UTF-8"?>
<!-- Generated by org.testng.reporters.JUnitXMLReporter -->
<testsuite hostname="PC-9" failures="0" tests="9" name="Surefire test" time="1177.602" errors="0" timestamp="9 Jan 2024 08:56:57 GMT">
  <testcase classname="tests.parts.Spotorderparts" name="Test_001_gotoOrderPartsScreen" time="36.532"/>
  <testcase classname="tests.parts.Spotorderparts" name="Test_002_clickOnSpotOrder" time="82.049"/>
  <testcase classname="tests.parts.Spotorderparts" name="Test_003_inputPartialPartNumber" time="64.864"/>
  <testcase classname="tests.parts.Spotorderparts" name="Test_004_clickOnAddButton" time="73.325"/>
  <testcase classname="tests.parts.Spotorderparts" name="Test_005_verifySearchPartDescription" time="179.971"/>
  <testcase classname="tests.parts.Spotorderparts" name="Test_006_inputCoreParentPart" time="152.835"/>
  <testcase classname="tests.parts.Spotorderparts" name="Test_007_verifyPO" time="192.442"/>
  <testcase classname="tests.parts.Spotorderparts" name="Test_008_verifyRequiredPart" time="191.557"/>
  <testcase classname="tests.parts.Spotorderparts" name="Test_009_verifyWarehouseText" time="184.544"/>
</testsuite> <!-- Surefire test -->
