<?xml version="1.0" encoding="UTF-8"?>
<testsuite xmlns:xsi="http://www.w3.org/2001/XMLSchema-instance" xsi:noNamespaceSchemaLocation="https://maven.apache.org/surefire/maven-surefire-plugin/xsd/surefire-test-report.xsd" name="tests.parts.Spotorderparts" time="1,163.498" tests="9" errors="0" skipped="0" failures="0">
  <properties>
[...]
</properties>
  <testcase name="Test_001_gotoOrderPartsScreen" classname="tests.parts.Spotorderparts" time="26.657"/>
  <testcase name="Test_002_clickOnSpotOrder" classname="tests.parts.Spotorderparts" time="81.958"/>
  <testcase name="Test_003_inputPartialPartNumber" classname="tests.parts.Spotorderparts" time="64.796"/>
  <testcase name="Test_004_clickOnAddButton" classname="tests.parts.Spotorderparts" time="73.788"/>
  <testcase name="Test_005_verifySearchPartDescription" classname="tests.parts.Spotorderparts" time="171.681"/>
  <testcase name="Test_006_inputCoreParentPart" classname="tests.parts.Spotorderparts" time="150.335"/>
  <testcase name="Test_007_verifyPO" classname="tests.parts.Spotorderparts" time="188.023"/>
  <testcase name="Test_008_verifyRequiredPart" classname="tests.parts.Spotorderparts" time="192.219"/>
  <testcase name="Test_009_verifyWarehouseText" classname="tests.parts.Spotorderparts" time="182.619"/>
</testsuite>