<?xml version="1.0" encoding="UTF-8"?>
<testsuite xmlns:xsi="http://www.w3.org/2001/XMLSchema-instance" xsi:noNamespaceSchemaLocation="https://maven.apache.org/surefire/maven-surefire-plugin/xsd/surefire-test-report.xsd" name="tests.parts.CreatePart" time="226.968" tests="6" errors="0" skipped="0" failures="0">
  <properties>
[...]
</properties>
  <testcase name="gotoPartsMaster" classname="tests.parts.CreatePart" time="24.096"/>
  <testcase name="click_NewPart_Verify_All_Elements" classname="tests.parts.CreatePart" time="35.833"/>
  <testcase name="create_new_part" classname="tests.parts.CreatePart" time="51.497"/>
  <testcase name="search_the_number" classname="tests.parts.CreatePart" time="40.051"/>
  <testcase name="verify_standard_field" classname="tests.parts.CreatePart" time="11.31"/>
  <testcase name="signOut_verify_username" classname="tests.parts.CreatePart" time="35.628"/>
</testsuite>